2023-12-22 10:37:35.005 [http-nio-8888-exec-4] INFO  com.api.controller.UserManager - 查看到的结果是1
2023-12-22 10:37:35.153 [http-nio-8888-exec-5] INFO  com.api.controller.UserManager - cookies验证通过
2023-12-22 10:37:35.160 [http-nio-8888-exec-5] INFO  com.api.controller.UserManager - getUserInfo获取到的用户数量是0
2023-12-22 10:39:16.025 [http-nio-8888-exec-7] INFO  com.api.controller.UserManager - 查看到的结果是1
2023-12-22 10:39:16.135 [http-nio-8888-exec-8] INFO  com.api.controller.UserManager - cookies验证通过
2023-12-22 10:39:16.137 [http-nio-8888-exec-8] INFO  com.api.controller.UserManager - getUserInfo获取到的用户数量是0
2023-12-22 10:40:26.128 [http-nio-8888-exec-10] INFO  com.api.controller.UserManager - 查看到的结果是1
2023-12-22 10:40:26.237 [http-nio-8888-exec-1] INFO  com.api.controller.UserManager - cookies验证通过
2023-12-22 10:40:26.239 [http-nio-8888-exec-1] INFO  com.api.controller.UserManager - getUserInfo获取到的用户数量是0
2023-12-22 10:40:41.560 [http-nio-8888-exec-2] INFO  com.api.controller.UserManager - 查看到的结果是1
2023-12-22 10:40:41.665 [http-nio-8888-exec-4] INFO  com.api.controller.UserManager - cookies验证通过
2023-12-22 10:40:41.669 [http-nio-8888-exec-4] INFO  com.api.controller.UserManager - getUserInfo获取到的用户数量是0
2023-12-22 10:41:50.659 [http-nio-8888-exec-6] INFO  com.api.controller.UserManager - 查看到的结果是1
2023-12-22 10:41:50.762 [http-nio-8888-exec-7] INFO  com.api.controller.UserManager - cookies验证通过
2023-12-22 10:41:50.764 [http-nio-8888-exec-7] INFO  com.api.controller.UserManager - getUserInfo获取到的用户数量是0
2023-12-22 10:42:22.021 [http-nio-8888-exec-9] INFO  com.api.controller.UserManager - 查看到的结果是1
2023-12-22 10:42:22.122 [http-nio-8888-exec-10] INFO  com.api.controller.UserManager - cookies验证通过
2023-12-22 10:42:22.124 [http-nio-8888-exec-10] INFO  com.api.controller.UserManager - getUserInfo获取到的用户数量是0
2023-12-22 10:42:58.317 [http-nio-8888-exec-3] INFO  com.api.controller.UserManager - 查看到的结果是1
2023-12-22 10:42:58.415 [http-nio-8888-exec-2] INFO  com.api.controller.UserManager - cookies验证通过
2023-12-22 10:42:58.418 [http-nio-8888-exec-2] INFO  com.api.controller.UserManager - getUserInfo获取到的用户数量是0
2023-12-22 10:44:23.349 [http-nio-8888-exec-5] INFO  com.api.controller.UserManager - 查看到的结果是1
2023-12-22 10:46:05.555 [http-nio-8888-exec-7] INFO  com.api.controller.UserManager - cookies验证通过
2023-12-22 10:46:05.558 [http-nio-8888-exec-7] INFO  com.api.controller.UserManager - getUserInfo获取到的用户数量是0
2023-12-22 10:46:19.163 [http-nio-8888-exec-9] INFO  com.api.controller.UserManager - 查看到的结果是1
2023-12-22 10:46:19.274 [http-nio-8888-exec-10] INFO  com.api.controller.UserManager - cookies验证通过
2023-12-22 10:46:19.277 [http-nio-8888-exec-10] INFO  com.api.controller.UserManager - getUserInfo获取到的用户数量是1
2023-12-22 10:46:31.158 [http-nio-8888-exec-3] INFO  com.api.controller.UserManager - 查看到的结果是1
2023-12-22 10:46:31.258 [http-nio-8888-exec-2] INFO  com.api.controller.UserManager - cookies验证通过
2023-12-22 10:46:31.260 [http-nio-8888-exec-2] INFO  com.api.controller.UserManager - getUserInfo获取到的用户数量是1
2023-12-22 10:54:21.896 [http-nio-8888-exec-5] INFO  com.api.controller.UserManager - 查看到的结果是1
2023-12-22 10:54:22.027 [http-nio-8888-exec-6] INFO  com.api.controller.UserManager - cookies验证通过
2023-12-22 10:54:22.031 [http-nio-8888-exec-6] INFO  com.api.controller.UserManager - getUserInfo获取到的用户数量是1
2023-12-22 10:58:27.768 [http-nio-8888-exec-8] INFO  com.api.controller.UserManager - 查看到的结果是1
2023-12-22 10:58:27.876 [http-nio-8888-exec-9] INFO  com.api.controller.UserManager - cookies验证通过
2023-12-22 10:58:27.878 [http-nio-8888-exec-9] INFO  com.api.controller.UserManager - getUserInfo获取到的用户数量是1
2023-12-22 10:58:47.613 [http-nio-8888-exec-1] INFO  com.api.controller.UserManager - 查看到的结果是1
2023-12-22 10:58:47.723 [http-nio-8888-exec-3] INFO  com.api.controller.UserManager - cookies验证通过
2023-12-22 10:58:47.725 [http-nio-8888-exec-3] INFO  com.api.controller.UserManager - getUserInfo获取到的用户数量是1
2023-12-22 11:02:55.610 [http-nio-8888-exec-4] INFO  com.api.controller.UserManager - 查看到的结果是1
2023-12-22 11:02:55.709 [http-nio-8888-exec-5] INFO  com.api.controller.UserManager - cookies验证通过
2023-12-22 11:02:55.712 [http-nio-8888-exec-5] INFO  com.api.controller.UserManager - getUserInfo获取到的用户数量是1
2023-12-22 11:07:26.476 [http-nio-8888-exec-7] INFO  com.api.controller.UserManager - 查看到的结果是1
2023-12-22 11:07:26.579 [http-nio-8888-exec-8] INFO  com.api.controller.UserManager - cookies验证通过
2023-12-22 11:07:26.582 [http-nio-8888-exec-8] INFO  com.api.controller.UserManager - getUserInfo获取到的用户数量是1
2023-12-22 11:08:19.812 [http-nio-8888-exec-10] INFO  com.api.controller.UserManager - 查看到的结果是1
2023-12-22 11:08:19.930 [http-nio-8888-exec-1] INFO  com.api.controller.UserManager - cookies验证通过
2023-12-22 11:08:19.932 [http-nio-8888-exec-1] INFO  com.api.controller.UserManager - getUserInfo获取到的用户数量是1
2023-12-22 11:10:39.847 [http-nio-8888-exec-2] INFO  com.api.controller.UserManager - 查看到的结果是1
2023-12-22 11:10:39.956 [http-nio-8888-exec-4] INFO  com.api.controller.UserManager - cookies验证通过
2023-12-22 11:10:39.958 [http-nio-8888-exec-4] INFO  com.api.controller.UserManager - getUserInfo获取到的用户数量是1
2023-12-22 11:11:30.124 [http-nio-8888-exec-6] INFO  com.api.controller.UserManager - 查看到的结果是1
2023-12-22 11:11:30.223 [http-nio-8888-exec-7] INFO  com.api.controller.UserManager - cookies验证通过
2023-12-22 11:11:30.226 [http-nio-8888-exec-7] INFO  com.api.controller.UserManager - getUserInfo获取到的用户数量是1
2023-12-22 11:21:07.671 [http-nio-8888-exec-9] INFO  com.api.controller.UserManager - 查看到的结果是1
2023-12-22 11:21:07.802 [http-nio-8888-exec-10] INFO  com.api.controller.UserManager - cookies验证通过
2023-12-22 11:21:07.805 [http-nio-8888-exec-10] INFO  com.api.controller.UserManager - getUserInfo获取到的用户数量是1
2023-12-22 11:38:29.675 [main] INFO  com.api.Application - Starting Application on DESKTOP-6K7VEBP with PID 4440 (D:\IdeaProjects\AutoTestApi\target\classes started by LiTing in D:\IdeaProjects\AutoTestApi)
2023-12-22 11:38:29.678 [main] INFO  com.api.Application - No active profile set, falling back to default profiles: default
2023-12-22 11:38:29.756 [main] INFO  o.s.boot.context.embedded.AnnotationConfigEmbeddedWebApplicationContext - Refreshing org.springframework.boot.context.embedded.AnnotationConfigEmbeddedWebApplicationContext@8f4ea7c: startup date [Fri Dec 22 11:38:29 CST 2023]; root of context hierarchy
2023-12-22 11:38:30.901 [main] WARN  org.mybatis.spring.mapper.ClassPathMapperScanner - No MyBatis mapper was found in '[com.api]' package. Please check your configuration.
2023-12-22 11:38:31.295 [main] INFO  o.s.context.support.PostProcessorRegistrationDelegate$BeanPostProcessorChecker - Bean 'org.springframework.transaction.annotation.ProxyTransactionManagementConfiguration' of type [org.springframework.transaction.annotation.ProxyTransactionManagementConfiguration$$EnhancerBySpringCGLIB$$4c743167] is not eligible for getting processed by all BeanPostProcessors (for example: not eligible for auto-proxying)
2023-12-22 11:38:31.530 [main] INFO  org.springframework.boot.context.embedded.tomcat.TomcatEmbeddedServletContainer - Tomcat initialized with port(s): 8888 (http)
2023-12-22 11:38:31.539 [main] INFO  org.apache.catalina.core.StandardService - Starting service Tomcat
2023-12-22 11:38:31.541 [main] INFO  org.apache.catalina.core.StandardEngine - Starting Servlet Engine: Apache Tomcat/8.5.14
2023-12-22 11:38:31.642 [localhost-startStop-1] INFO  org.apache.catalina.core.ContainerBase.[Tomcat].[localhost].[/] - Initializing Spring embedded WebApplicationContext
2023-12-22 11:38:31.643 [localhost-startStop-1] INFO  org.springframework.web.context.ContextLoader - Root WebApplicationContext: initialization completed in 1887 ms
2023-12-22 11:38:31.811 [localhost-startStop-1] INFO  org.springframework.boot.web.servlet.ServletRegistrationBean - Mapping servlet: 'dispatcherServlet' to [/]
2023-12-22 11:38:31.816 [localhost-startStop-1] INFO  org.springframework.boot.web.servlet.FilterRegistrationBean - Mapping filter: 'characterEncodingFilter' to: [/*]
2023-12-22 11:38:31.816 [localhost-startStop-1] INFO  org.springframework.boot.web.servlet.FilterRegistrationBean - Mapping filter: 'hiddenHttpMethodFilter' to: [/*]
2023-12-22 11:38:31.816 [localhost-startStop-1] INFO  org.springframework.boot.web.servlet.FilterRegistrationBean - Mapping filter: 'httpPutFormContentFilter' to: [/*]
2023-12-22 11:38:31.816 [localhost-startStop-1] INFO  org.springframework.boot.web.servlet.FilterRegistrationBean - Mapping filter: 'requestContextFilter' to: [/*]
2023-12-22 11:38:32.664 [main] INFO  o.springframework.web.servlet.mvc.method.annotation.RequestMappingHandlerMapping - Mapped "{[/v1/getUserInfo],methods=[POST]}" onto public java.util.List<com.api.model.User> com.api.controller.UserManager.getUserInfo(javax.servlet.http.HttpServletRequest,com.api.model.User)
2023-12-22 11:38:32.666 [main] INFO  o.springframework.web.servlet.mvc.method.annotation.RequestMappingHandlerMapping - Mapped "{[/v1/addUser],methods=[POST]}" onto public boolean com.api.controller.UserManager.addUser(javax.servlet.http.HttpServletRequest,com.api.model.User)
2023-12-22 11:38:32.666 [main] INFO  o.springframework.web.servlet.mvc.method.annotation.RequestMappingHandlerMapping - Mapped "{[/v1/login],methods=[POST]}" onto public java.lang.Boolean com.api.controller.UserManager.login(javax.servlet.http.HttpServletResponse,com.api.model.User)
2023-12-22 11:38:32.666 [main] INFO  o.springframework.web.servlet.mvc.method.annotation.RequestMappingHandlerMapping - Mapped "{[/v1/updateUserInfo],methods=[POST]}" onto public int com.api.controller.UserManager.updateUser(javax.servlet.http.HttpServletRequest,com.api.model.User)
2023-12-22 11:38:32.667 [main] INFO  o.springframework.web.servlet.mvc.method.annotation.RequestMappingHandlerMapping - Mapped "{[/v2/api-docs],methods=[GET],produces=[application/json || application/hal+json]}" onto public org.springframework.http.ResponseEntity<springfox.documentation.spring.web.json.Json> springfox.documentation.swagger2.web.Swagger2Controller.getDocumentation(java.lang.String,javax.servlet.http.HttpServletRequest)
2023-12-22 11:38:32.671 [main] INFO  o.springframework.web.servlet.mvc.method.annotation.RequestMappingHandlerMapping - Mapped "{[/swagger-resources]}" onto org.springframework.http.ResponseEntity<java.util.List<springfox.documentation.swagger.web.SwaggerResource>> springfox.documentation.swagger.web.ApiResourceController.swaggerResources()
2023-12-22 11:38:32.673 [main] INFO  o.springframework.web.servlet.mvc.method.annotation.RequestMappingHandlerMapping - Mapped "{[/swagger-resources/configuration/ui]}" onto org.springframework.http.ResponseEntity<springfox.documentation.swagger.web.UiConfiguration> springfox.documentation.swagger.web.ApiResourceController.uiConfiguration()
2023-12-22 11:38:32.674 [main] INFO  o.springframework.web.servlet.mvc.method.annotation.RequestMappingHandlerMapping - Mapped "{[/swagger-resources/configuration/security]}" onto org.springframework.http.ResponseEntity<springfox.documentation.swagger.web.SecurityConfiguration> springfox.documentation.swagger.web.ApiResourceController.securityConfiguration()
2023-12-22 11:38:32.677 [main] INFO  o.springframework.web.servlet.mvc.method.annotation.RequestMappingHandlerMapping - Mapped "{[/error]}" onto public org.springframework.http.ResponseEntity<java.util.Map<java.lang.String, java.lang.Object>> org.springframework.boot.autoconfigure.web.BasicErrorController.error(javax.servlet.http.HttpServletRequest)
2023-12-22 11:38:32.678 [main] INFO  o.springframework.web.servlet.mvc.method.annotation.RequestMappingHandlerMapping - Mapped "{[/error],produces=[text/html]}" onto public org.springframework.web.servlet.ModelAndView org.springframework.boot.autoconfigure.web.BasicErrorController.errorHtml(javax.servlet.http.HttpServletRequest,javax.servlet.http.HttpServletResponse)
2023-12-22 11:38:32.834 [main] INFO  o.springframework.web.servlet.mvc.method.annotation.RequestMappingHandlerAdapter - Looking for @ControllerAdvice: org.springframework.boot.context.embedded.AnnotationConfigEmbeddedWebApplicationContext@8f4ea7c: startup date [Fri Dec 22 11:38:29 CST 2023]; root of context hierarchy
2023-12-22 11:38:32.879 [main] INFO  org.springframework.web.servlet.handler.SimpleUrlHandlerMapping - Mapped URL path [/webjars/**] onto handler of type [class org.springframework.web.servlet.resource.ResourceHttpRequestHandler]
2023-12-22 11:38:32.880 [main] INFO  org.springframework.web.servlet.handler.SimpleUrlHandlerMapping - Mapped URL path [/**] onto handler of type [class org.springframework.web.servlet.resource.ResourceHttpRequestHandler]
2023-12-22 11:38:32.916 [main] INFO  org.springframework.web.servlet.handler.SimpleUrlHandlerMapping - Mapped URL path [/**/favicon.ico] onto handler of type [class org.springframework.web.servlet.resource.ResourceHttpRequestHandler]
2023-12-22 11:38:33.122 [main] INFO  org.springframework.jmx.export.annotation.AnnotationMBeanExporter - Registering beans for JMX exposure on startup
2023-12-22 11:38:33.130 [main] INFO  org.springframework.context.support.DefaultLifecycleProcessor - Starting beans in phase 2147483647
2023-12-22 11:38:33.130 [main] INFO  springfox.documentation.spring.web.plugins.DocumentationPluginsBootstrapper - Context refreshed
2023-12-22 11:38:33.141 [main] INFO  springfox.documentation.spring.web.plugins.DocumentationPluginsBootstrapper - Found 1 custom documentation plugin(s)
2023-12-22 11:38:33.152 [main] INFO  springfox.documentation.spring.web.scanners.ApiListingReferenceScanner - Scanning for api listing references
2023-12-22 11:38:33.429 [main] INFO  org.springframework.boot.context.embedded.tomcat.TomcatEmbeddedServletContainer - Tomcat started on port(s): 8888 (http)
2023-12-22 11:38:33.434 [main] INFO  com.api.Application - Started Application in 4.125 seconds (JVM running for 5.328)
2023-12-22 11:38:49.206 [http-nio-8888-exec-1] INFO  org.apache.catalina.core.ContainerBase.[Tomcat].[localhost].[/] - Initializing Spring FrameworkServlet 'dispatcherServlet'
2023-12-22 11:38:49.206 [http-nio-8888-exec-1] INFO  org.springframework.web.servlet.DispatcherServlet - FrameworkServlet 'dispatcherServlet': initialization started
2023-12-22 11:38:49.226 [http-nio-8888-exec-1] INFO  org.springframework.web.servlet.DispatcherServlet - FrameworkServlet 'dispatcherServlet': initialization completed in 20 ms
2023-12-22 11:38:50.139 [http-nio-8888-exec-1] INFO  com.api.controller.UserManager - 查看到的结果是1
2023-12-22 11:38:50.289 [http-nio-8888-exec-3] INFO  com.api.controller.UserManager - cookies验证通过
2023-12-22 11:38:50.313 [http-nio-8888-exec-3] INFO  com.api.controller.UserManager - getUserInfo获取到的用户数量是1
2023-12-22 11:43:40.822 [http-nio-8888-exec-5] INFO  com.api.controller.UserManager - 查看到的结果是1
2023-12-22 11:43:40.946 [http-nio-8888-exec-4] INFO  com.api.controller.UserManager - cookies验证通过
2023-12-22 11:43:40.950 [http-nio-8888-exec-4] INFO  com.api.controller.UserManager - getUserInfo获取到的用户数量是1
2023-12-22 11:58:05.054 [http-nio-8888-exec-7] INFO  com.api.controller.UserManager - 查看到的结果是1
2023-12-22 11:58:05.173 [http-nio-8888-exec-8] INFO  com.api.controller.UserManager - cookies验证通过
2023-12-22 11:58:05.177 [http-nio-8888-exec-8] INFO  com.api.controller.UserManager - getUserInfo获取到的用户数量是1
2023-12-22 11:59:05.555 [http-nio-8888-exec-10] INFO  com.api.controller.UserManager - 查看到的结果是1
2023-12-22 11:59:05.668 [http-nio-8888-exec-1] INFO  com.api.controller.UserManager - cookies验证通过
2023-12-22 11:59:05.671 [http-nio-8888-exec-1] INFO  com.api.controller.UserManager - getUserInfo获取到的用户数量是1
